<?xml version="1.0" encoding="UTF-8"?>
<!-- Generated by org.testng.reporters.JUnitReportReporter -->
<testsuite hostname="LAPTOP-1ATVOVSF" failures="0" tests="3" name="data_driven.Data_Provider_Test" time="24.587" errors="0" timestamp="2021-07-20T12:52:33 IST" skipped="0">
  <testcase classname="data_driven.Data_Provider_Test" name="fb_Test" time="8.134"/>
  <system-out/>
  <testcase classname="data_driven.Data_Provider_Test" name="fb_Test" time="7.978"/>
  <system-out/>
  <testcase classname="data_driven.Data_Provider_Test" name="fb_Test" time="8.475"/>
  <system-out/>
</testsuite> <!-- data_driven.Data_Provider_Test -->
