<?xml version="1.0" encoding="UTF-8"?>
<!-- Generated by org.testng.reporters.JUnitReportReporter -->
<testsuite hostname="LAPTOP-1ATVOVSF" failures="0" tests="3" name="test_driven_development.YahooMailTest" time="0.004" errors="0" timestamp="2021-07-20T13:05:30 IST" skipped="1">
  <testcase classname="test_driven_development.YahooMailTest" name="compose_Main_Test" time="0.003"/>
  <system-out/>
  <testcase classname="test_driven_development.YahooMailTest" name="search_Mail_Test" time="0.001"/>
  <system-out/>
  <testcase classname="test_driven_development.YahooMailTest" name="delete_Mail_Test">
    <skipped/>
  </testcase> <!-- delete_Mail_Test -->
  <system-out/>
</testsuite> <!-- test_driven_development.YahooMailTest -->
