<?xml version="1.0" encoding="UTF-8"?>
<!-- Generated by org.testng.reporters.JUnitReportReporter -->
<testsuite hostname="LAPTOP-1ATVOVSF" failures="0" tests="1" name="parameter_test.Parameter_Test" time="16.576" errors="0" timestamp="2021-07-19T17:05:39 IST" skipped="0">
  <testcase classname="parameter_test.Parameter_Test" name="fbLoginTest" time="16.576"/>
  <system-out/>
</testsuite> <!-- parameter_test.Parameter_Test -->
