<?xml version="1.0" encoding="UTF-8"?>
<!-- Generated by org.testng.reporters.JUnitReportReporter -->
<testsuite hostname="LAPTOP-1ATVOVSF" failures="0" tests="2" name="Retry_Test.My_Test" time="0.008" errors="0" timestamp="2021-07-20T16:08:16 IST" skipped="0">
  <testcase classname="Retry_Test.My_Test" name="Test2" time="0.001"/>
  <system-out/>
  <testcase classname="Retry_Test.My_Test" name="Test1" time="0.007"/>
  <system-out/>
</testsuite> <!-- Retry_Test.My_Test -->
